0 info it worked if it ends with ok
1 verbose cli [ 'C:\\Program Files (x86)\\nodejs\\\\node.exe',
1 verbose cli   'C:\\Program Files (x86)\\nodejs\\node_modules\\npm\\bin\\npm-cli.js',
1 verbose cli   'install',
1 verbose cli   'node-curl' ]
2 info using npm@2.10.1
3 info using node@v0.12.4
4 verbose install initial load of C:\Users\Patrick\Documents\Watson\Projects\concept-insights-nodejs\package.json
5 verbose installManyTop reading scoped package data from C:\Users\Patrick\Documents\Watson\Projects\concept-insights-nodejs\node_modules\async\package.json
6 verbose installManyTop reading scoped package data from C:\Users\Patrick\Documents\Watson\Projects\concept-insights-nodejs\node_modules\body-parser\package.json
7 verbose installManyTop reading scoped package data from C:\Users\Patrick\Documents\Watson\Projects\concept-insights-nodejs\node_modules\errorhandler\package.json
8 verbose installManyTop reading scoped package data from C:\Users\Patrick\Documents\Watson\Projects\concept-insights-nodejs\node_modules\express\package.json
9 verbose installManyTop reading scoped package data from C:\Users\Patrick\Documents\Watson\Projects\concept-insights-nodejs\node_modules\python\package.json
10 verbose installManyTop reading scoped package data from C:\Users\Patrick\Documents\Watson\Projects\concept-insights-nodejs\node_modules\serve-favicon\package.json
11 verbose installManyTop reading scoped package data from C:\Users\Patrick\Documents\Watson\Projects\concept-insights-nodejs\node_modules\watson-developer-cloud\package.json
12 info package.json python@0.0.4 No license field.
13 verbose readDependencies loading dependencies from C:\Users\Patrick\Documents\Watson\Projects\concept-insights-nodejs\package.json
14 silly cache add args [ 'node-curl', null ]
15 verbose cache add spec node-curl
16 silly cache add parsed spec { raw: 'node-curl',
16 silly cache add   scope: null,
16 silly cache add   name: 'node-curl',
16 silly cache add   rawSpec: '',
16 silly cache add   spec: '*',
16 silly cache add   type: 'range' }
17 silly addNamed node-curl@*
18 verbose addNamed "*" is a valid semver range for node-curl
19 silly addNameRange { name: 'node-curl', range: '*', hasData: false }
20 silly mapToRegistry name node-curl
21 silly mapToRegistry using default registry
22 silly mapToRegistry registry https://registry.npmjs.org/
23 silly mapToRegistry uri https://registry.npmjs.org/node-curl
24 verbose addNameRange registry:https://registry.npmjs.org/node-curl not in flight; fetching
25 verbose request uri https://registry.npmjs.org/node-curl
26 verbose request no auth needed
27 info attempt registry request try #1 at 5:07:55 PM
28 verbose request id 9f85d851ba2198fc
29 verbose etag "CMQZMUSITTYV3855K10R0K7KN"
30 http request GET https://registry.npmjs.org/node-curl
31 http 304 https://registry.npmjs.org/node-curl
32 silly get cb [ 304,
32 silly get   { date: 'Thu, 24 Sep 2015 23:07:51 GMT',
32 silly get     via: '1.1 varnish',
32 silly get     'cache-control': 'max-age=60',
32 silly get     etag: '"CMQZMUSITTYV3855K10R0K7KN"',
32 silly get     age: '57',
32 silly get     connection: 'keep-alive',
32 silly get     'x-served-by': 'cache-ord1729-ORD',
32 silly get     'x-cache': 'HIT',
32 silly get     'x-cache-hits': '1',
32 silly get     'x-timer': 'S1443136071.415516,VS0,VE0',
32 silly get     vary: 'Accept' } ]
33 verbose etag https://registry.npmjs.org/node-curl from cache
34 verbose get saving node-curl to C:\Users\Patrick\AppData\Roaming\npm-cache\registry.npmjs.org\node-curl\.cache.json
35 silly addNameRange number 2 { name: 'node-curl', range: '*', hasData: true }
36 silly addNameRange versions [ 'node-curl',
36 silly addNameRange   [ '0.1.0',
36 silly addNameRange     '0.1.1',
36 silly addNameRange     '0.1.2',
36 silly addNameRange     '0.1.3',
36 silly addNameRange     '0.1.4',
36 silly addNameRange     '0.1.5',
36 silly addNameRange     '0.1.6',
36 silly addNameRange     '0.1.7',
36 silly addNameRange     '0.1.8',
36 silly addNameRange     '0.2.0',
36 silly addNameRange     '0.2.1',
36 silly addNameRange     '0.2.2',
36 silly addNameRange     '0.2.3',
36 silly addNameRange     '0.3.0',
36 silly addNameRange     '0.3.1',
36 silly addNameRange     '0.3.3' ] ]
37 silly addNamed node-curl@0.3.3
38 verbose addNamed "0.3.3" is a plain semver version for node-curl
39 silly cache afterAdd node-curl@0.3.3
40 verbose afterAdd C:\Users\Patrick\AppData\Roaming\npm-cache\node-curl\0.3.3\package\package.json not in flight; writing
41 verbose afterAdd C:\Users\Patrick\AppData\Roaming\npm-cache\node-curl\0.3.3\package\package.json written
42 silly install resolved [ { name: 'node-curl',
42 silly install resolved     version: '0.3.3',
42 silly install resolved     author: { name: 'Jiang Miao', email: 'jiangfriend@gmail.com' },
42 silly install resolved     description: 'node wrapper for multi curl, fully implemented.',
42 silly install resolved     keywords: [ 'node-curl', 'curl', 'multi-curl', 'mcurl' ],
42 silly install resolved     homepage: 'http://github.com/jiangmiao/node-curl',
42 silly install resolved     repository: { type: 'git', url: 'git://github.com/jiangmiao/node-curl.git' },
42 silly install resolved     main: './lib',
42 silly install resolved     scripts: { install: 'sh src/generate_curl_options_list.sh && (node-gyp rebuild || node-waf configure build)' },
42 silly install resolved     engines: { node: '>= 0.6.0' },
42 silly install resolved     bugs: { url: 'https://github.com/jiangmiao/node-curl/issues' },
42 silly install resolved     _id: 'node-curl@0.3.3',
42 silly install resolved     _shasum: '71274370774c2298b860307a9e45877701638735',
42 silly install resolved     _resolved: 'https://registry.npmjs.org/node-curl/-/node-curl-0.3.3.tgz',
42 silly install resolved     _from: 'node-curl@*',
42 silly install resolved     _npmVersion: '1.4.23',
42 silly install resolved     _npmUser: { name: 'jiangmiao', email: 'jiangfriend@gmail.com' },
42 silly install resolved     maintainers: [ [Object] ],
42 silly install resolved     dist:
42 silly install resolved      { shasum: '71274370774c2298b860307a9e45877701638735',
42 silly install resolved        tarball: 'http://registry.npmjs.org/node-curl/-/node-curl-0.3.3.tgz' },
42 silly install resolved     directories: {},
42 silly install resolved     readme: 'ERROR: No README data found!' } ]
43 info install node-curl@0.3.3 into C:\Users\Patrick\Documents\Watson\Projects\concept-insights-nodejs
44 info installOne node-curl@0.3.3
45 verbose installOne of node-curl to C:\Users\Patrick\Documents\Watson\Projects\concept-insights-nodejs not in flight; installing
46 verbose lock using C:\Users\Patrick\AppData\Roaming\npm-cache\_locks\node-curl-9238b6fbd251615c.lock for C:\Users\Patrick\Documents\Watson\Projects\concept-insights-nodejs\node_modules\node-curl
47 silly install write writing node-curl 0.3.3 to C:\Users\Patrick\Documents\Watson\Projects\concept-insights-nodejs\node_modules\node-curl
48 verbose unbuild node_modules\node-curl
49 silly gentlyRm C:\Users\Patrick\Documents\Watson\Projects\concept-insights-nodejs\node_modules\node-curl is being purged from base C:\Users\Patrick\Documents\Watson\Projects\concept-insights-nodejs
50 verbose gentlyRm don't care about contents; nuking C:\Users\Patrick\Documents\Watson\Projects\concept-insights-nodejs\node_modules\node-curl
51 verbose tar unpack C:\Users\Patrick\AppData\Roaming\npm-cache\node-curl\0.3.3\package.tgz
52 verbose tar unpacking to C:\Users\Patrick\Documents\Watson\Projects\concept-insights-nodejs\node_modules\node-curl
53 silly gentlyRm C:\Users\Patrick\Documents\Watson\Projects\concept-insights-nodejs\node_modules\node-curl is being purged
54 verbose gentlyRm don't care about contents; nuking C:\Users\Patrick\Documents\Watson\Projects\concept-insights-nodejs\node_modules\node-curl
55 silly gunzTarPerm modes [ '777', '666' ]
56 silly gunzTarPerm extractEntry package.json
57 silly gunzTarPerm modified mode [ 'package.json', 420, 438 ]
58 silly gunzTarPerm extractEntry .npmignore
59 silly gunzTarPerm modified mode [ '.npmignore', 420, 438 ]
60 silly gunzTarPerm extractEntry README.md
61 silly gunzTarPerm modified mode [ 'README.md', 420, 438 ]
62 silly gunzTarPerm extractEntry index.js
63 silly gunzTarPerm modified mode [ 'index.js', 420, 438 ]
64 silly gunzTarPerm extractEntry binding.gyp
65 silly gunzTarPerm modified mode [ 'binding.gyp', 420, 438 ]
66 silly gunzTarPerm extractEntry examples/curl.js
67 silly gunzTarPerm modified mode [ 'examples/curl.js', 420, 438 ]
68 silly gunzTarPerm extractEntry examples/low-level.js
69 silly gunzTarPerm modified mode [ 'examples/low-level.js', 420, 438 ]
70 silly gunzTarPerm extractEntry examples/post-multi-part.js
71 silly gunzTarPerm modified mode [ 'examples/post-multi-part.js', 420, 438 ]
72 silly gunzTarPerm extractEntry examples/test.js
73 silly gunzTarPerm modified mode [ 'examples/test.js', 420, 438 ]
74 silly gunzTarPerm extractEntry examples/low-level-pressure.js
75 silly gunzTarPerm modified mode [ 'examples/low-level-pressure.js', 420, 438 ]
76 silly gunzTarPerm extractEntry examples/test-stream.js
77 silly gunzTarPerm modified mode [ 'examples/test-stream.js', 420, 438 ]
78 silly gunzTarPerm extractEntry examples/pressure-multi-post.js
79 silly gunzTarPerm modified mode [ 'examples/pressure-multi-post.js', 420, 438 ]
80 silly gunzTarPerm extractEntry examples/test-get-info.js
81 silly gunzTarPerm modified mode [ 'examples/test-get-info.js', 420, 438 ]
82 silly gunzTarPerm extractEntry examples/test-errors.js
83 silly gunzTarPerm modified mode [ 'examples/test-errors.js', 420, 438 ]
84 silly gunzTarPerm extractEntry examples/quick-start.js
85 silly gunzTarPerm modified mode [ 'examples/quick-start.js', 420, 438 ]
86 silly gunzTarPerm extractEntry examples/post.js
87 silly gunzTarPerm modified mode [ 'examples/post.js', 420, 438 ]
88 silly gunzTarPerm extractEntry examples/pressure.js
89 silly gunzTarPerm modified mode [ 'examples/pressure.js', 420, 438 ]
90 silly gunzTarPerm extractEntry examples/pressure.toffee
91 silly gunzTarPerm modified mode [ 'examples/pressure.toffee', 420, 438 ]
92 silly gunzTarPerm extractEntry examples/curl.toffee
93 silly gunzTarPerm modified mode [ 'examples/curl.toffee', 420, 438 ]
94 silly gunzTarPerm extractEntry examples/test-errors.toffee
95 silly gunzTarPerm modified mode [ 'examples/test-errors.toffee', 420, 438 ]
96 silly gunzTarPerm extractEntry examples/pressure-multi-post.toffee
97 silly gunzTarPerm modified mode [ 'examples/pressure-multi-post.toffee', 420, 438 ]
98 silly gunzTarPerm extractEntry examples/post.toffee
99 silly gunzTarPerm modified mode [ 'examples/post.toffee', 420, 438 ]
100 silly gunzTarPerm extractEntry examples/test-stream.toffee
101 silly gunzTarPerm modified mode [ 'examples/test-stream.toffee', 420, 438 ]
102 silly gunzTarPerm extractEntry examples/post-multi-part.toffee
103 silly gunzTarPerm modified mode [ 'examples/post-multi-part.toffee', 420, 438 ]
104 silly gunzTarPerm extractEntry examples/test.toffee
105 silly gunzTarPerm modified mode [ 'examples/test.toffee', 420, 438 ]
106 silly gunzTarPerm extractEntry .travis.yml
107 silly gunzTarPerm modified mode [ '.travis.yml', 420, 438 ]
108 silly gunzTarPerm extractEntry index.toffee
109 silly gunzTarPerm modified mode [ 'index.toffee', 420, 438 ]
110 silly gunzTarPerm extractEntry lib/Curl.js
111 silly gunzTarPerm modified mode [ 'lib/Curl.js', 420, 438 ]
112 silly gunzTarPerm extractEntry lib/CurlBuilder.js
113 silly gunzTarPerm modified mode [ 'lib/CurlBuilder.js', 420, 438 ]
114 silly gunzTarPerm extractEntry lib/Curl.toffee
115 silly gunzTarPerm modified mode [ 'lib/Curl.toffee', 420, 438 ]
116 silly gunzTarPerm extractEntry lib/CurlBuilder.toffee
117 silly gunzTarPerm modified mode [ 'lib/CurlBuilder.toffee', 420, 438 ]
118 silly gunzTarPerm extractEntry LICENSE-MIT
119 silly gunzTarPerm modified mode [ 'LICENSE-MIT', 420, 438 ]
120 silly gunzTarPerm extractEntry src/generate_curl_options_list.sh
121 silly gunzTarPerm modified mode [ 'src/generate_curl_options_list.sh', 493, 511 ]
122 silly gunzTarPerm extractEntry src/node-curl.cc
123 silly gunzTarPerm modified mode [ 'src/node-curl.cc', 420, 438 ]
124 silly gunzTarPerm extractEntry src/node-curl.h
125 silly gunzTarPerm modified mode [ 'src/node-curl.h', 420, 438 ]
126 silly gunzTarPerm extractEntry wscript
127 silly gunzTarPerm modified mode [ 'wscript', 420, 438 ]
128 verbose write writing to C:\Users\Patrick\Documents\Watson\Projects\concept-insights-nodejs\node_modules\node-curl\package.json
129 info preinstall node-curl@0.3.3
130 verbose readDependencies loading dependencies from C:\Users\Patrick\Documents\Watson\Projects\concept-insights-nodejs\node_modules\node-curl\package.json
131 verbose readDependencies loading dependencies from C:\Users\Patrick\Documents\Watson\Projects\concept-insights-nodejs\node_modules\node-curl\package.json
132 silly install resolved []
133 verbose about to build C:\Users\Patrick\Documents\Watson\Projects\concept-insights-nodejs\node_modules\node-curl
134 info build C:\Users\Patrick\Documents\Watson\Projects\concept-insights-nodejs\node_modules\node-curl
135 info linkStuff node-curl@0.3.3
136 silly linkStuff node-curl@0.3.3 has C:\Users\Patrick\Documents\Watson\Projects\concept-insights-nodejs\node_modules as its parent node_modules
137 verbose linkBins node-curl@0.3.3
138 verbose linkMans node-curl@0.3.3
139 verbose rebuildBundles node-curl@0.3.3
140 info install node-curl@0.3.3
141 verbose unsafe-perm in lifecycle true
142 info node-curl@0.3.3 Failed to exec install script
143 verbose unlock done using C:\Users\Patrick\AppData\Roaming\npm-cache\_locks\node-curl-9238b6fbd251615c.lock for C:\Users\Patrick\Documents\Watson\Projects\concept-insights-nodejs\node_modules\node-curl
144 verbose stack Error: node-curl@0.3.3 install: `sh src/generate_curl_options_list.sh && (node-gyp rebuild || node-waf configure build)`
144 verbose stack Exit status 1
144 verbose stack     at EventEmitter.<anonymous> (C:\Program Files (x86)\nodejs\node_modules\npm\lib\utils\lifecycle.js:213:16)
144 verbose stack     at EventEmitter.emit (events.js:110:17)
144 verbose stack     at ChildProcess.<anonymous> (C:\Program Files (x86)\nodejs\node_modules\npm\lib\utils\spawn.js:24:14)
144 verbose stack     at ChildProcess.emit (events.js:110:17)
144 verbose stack     at maybeClose (child_process.js:1015:16)
144 verbose stack     at Process.ChildProcess._handle.onexit (child_process.js:1087:5)
145 verbose pkgid node-curl@0.3.3
146 verbose cwd C:\Users\Patrick\Documents\Watson\Projects\concept-insights-nodejs
147 error Windows_NT 6.1.7601
148 error argv "C:\\Program Files (x86)\\nodejs\\\\node.exe" "C:\\Program Files (x86)\\nodejs\\node_modules\\npm\\bin\\npm-cli.js" "install" "node-curl"
149 error node v0.12.4
150 error npm  v2.10.1
151 error code ELIFECYCLE
152 error node-curl@0.3.3 install: `sh src/generate_curl_options_list.sh && (node-gyp rebuild || node-waf configure build)`
152 error Exit status 1
153 error Failed at the node-curl@0.3.3 install script 'sh src/generate_curl_options_list.sh && (node-gyp rebuild || node-waf configure build)'.
153 error This is most likely a problem with the node-curl package,
153 error not with npm itself.
153 error Tell the author that this fails on your system:
153 error     sh src/generate_curl_options_list.sh && (node-gyp rebuild || node-waf configure build)
153 error You can get their info via:
153 error     npm owner ls node-curl
153 error There is likely additional logging output above.
154 verbose exit [ 1, true ]
155 verbose unbuild node_modules\node-curl
156 info preuninstall node-curl@0.3.3
157 info uninstall node-curl@0.3.3
158 verbose unbuild rmStuff node-curl@0.3.3 from C:\Users\Patrick\Documents\Watson\Projects\concept-insights-nodejs\node_modules
159 info postuninstall node-curl@0.3.3
160 silly gentlyRm C:\Users\Patrick\Documents\Watson\Projects\concept-insights-nodejs\node_modules\node-curl is being purged from base C:\Users\Patrick\Documents\Watson\Projects\concept-insights-nodejs
161 verbose gentlyRm don't care about contents; nuking C:\Users\Patrick\Documents\Watson\Projects\concept-insights-nodejs\node_modules\node-curl
162 silly vacuum-fs purging C:\Users\Patrick\Documents\Watson\Projects\concept-insights-nodejs\node_modules\node-curl
163 silly vacuum-fs quitting because other entries in C:\Users\Patrick\Documents\Watson\Projects\concept-insights-nodejs\node_modules
